# JRE version: OpenJDK Runtime Environment (8.0_242-b01) (build 1.8.0_242-release-1644-b01)
# Java VM: OpenJDK 64-Bit Server VM (25.242-b01 mixed mode windows-amd64 compressed oops)
Heap:
 PSYoungGen      total 574976K, used 39985K [0x00000000d5580000, 0x00000000ffa80000, 0x0000000100000000)
  eden space 456704K, 4% used [0x00000000d5580000,0x00000000d69fc250,0x00000000f1380000)
  from space 118272K, 16% used [0x00000000f1380000,0x00000000f2610298,0x00000000f8700000)
  to   space 118272K, 0% used [0x00000000f8700000,0x00000000f8700000,0x00000000ffa80000)
 ParOldGen       total 514560K, used 304051K [0x0000000080000000, 0x000000009f680000, 0x00000000d5580000)
  object space 514560K, 59% used [0x0000000080000000,0x00000000928ece88,0x000000009f680000)
 Metaspace       used 127613K, capacity 137610K, committed 152472K, reserved 1181696K
  class space    used 15935K, capacity 17692K, committed 19880K, reserved 1048576K
GC Heap History (10 events):
Event: 9968.635 GC heap before
{Heap before GC invocations=134 (full 15):
 PSYoungGen      total 577024K, used 450048K [0x00000000d5580000, 0x0000000100000000, 0x0000000100000000)
  eden space 450048K, 100% used [0x00000000d5580000,0x00000000f0d00000,0x00000000f0d00000)
  from space 126976K, 0% used [0x00000000f8400000,0x00000000f8400000,0x0000000100000000)
  to   space 121856K, 0% used [0x00000000f0d00000,0x00000000f0d00000,0x00000000f8400000)
 ParOldGen       total 514560K, used 119018K [0x0000000080000000, 0x000000009f680000, 0x00000000d5580000)
  object space 514560K, 23% used [0x0000000080000000,0x000000008743a960,0x000000009f680000)
 Metaspace       used 120872K, capacity 130088K, committed 152472K, reserved 1181696K
  class space    used 14988K, capacity 16595K, committed 19880K, reserved 1048576K
Event: 9968.731 GC heap after
Heap after GC invocations=134 (full 15):
 PSYoungGen      total 478720K, used 28596K [0x00000000d5580000, 0x00000000ff500000, 0x0000000100000000)
  eden space 450048K, 0% used [0x00000000d5580000,0x00000000d5580000,0x00000000f0d00000)
  from space 28672K, 99% used [0x00000000f0d00000,0x00000000f28ed080,0x00000000f2900000)
  to   space 118784K, 0% used [0x00000000f8100000,0x00000000f8100000,0x00000000ff500000)
 ParOldGen       total 514560K, used 119026K [0x0000000080000000, 0x000000009f680000, 0x00000000d5580000)
  object space 514560K, 23% used [0x0000000080000000,0x000000008743c960,0x000000009f680000)
 Metaspace       used 120872K, capacity 130088K, committed 152472K, reserved 1181696K
  class space    used 14988K, capacity 16595K, committed 19880K, reserved 1048576K
}
Event: 9985.878 GC heap before
{Heap before GC invocations=135 (full 15):
 PSYoungGen      total 478720K, used 478644K [0x00000000d5580000, 0x00000000ff500000, 0x0000000100000000)
  eden space 450048K, 100% used [0x00000000d5580000,0x00000000f0d00000,0x00000000f0d00000)
  from space 28672K, 99% used [0x00000000f0d00000,0x00000000f28ed080,0x00000000f2900000)
  to   space 118784K, 0% used [0x00000000f8100000,0x00000000f8100000,0x00000000ff500000)
 ParOldGen       total 514560K, used 119026K [0x0000000080000000, 0x000000009f680000, 0x00000000d5580000)
  object space 514560K, 23% used [0x0000000080000000,0x000000008743c960,0x000000009f680000)
 Metaspace       used 121172K, capacity 130392K, committed 152472K, reserved 1181696K
  class space    used 15011K, capacity 16635K, committed 19880K, reserved 1048576K
Event: 9986.055 GC heap after
Heap after GC invocations=135 (full 15):
 PSYoungGen      total 575488K, used 49650K [0x00000000d5580000, 0x0000000100000000, 0x0000000100000000)
  eden space 456704K, 0% used [0x00000000d5580000,0x00000000d5580000,0x00000000f1380000)
  from space 118784K, 41% used [0x00000000f8100000,0x00000000fb17c8c8,0x00000000ff500000)
  to   space 112128K, 0% used [0x00000000f1380000,0x00000000f1380000,0x00000000f8100000)
 ParOldGen       total 514560K, used 144028K [0x0000000080000000, 0x000000009f680000, 0x00000000d5580000)
  object space 514560K, 27% used [0x0000000080000000,0x0000000088ca71c8,0x000000009f680000)
 Metaspace       used 121172K, capacity 130392K, committed 152472K, reserved 1181696K
  class space    used 15011K, capacity 16635K, committed 19880K, reserved 1048576K
}
Event: 9995.757 GC heap before
{Heap before GC invocations=136 (full 15):
 PSYoungGen      total 575488K, used 506354K [0x00000000d5580000, 0x0000000100000000, 0x0000000100000000)
  eden space 456704K, 100% used [0x00000000d5580000,0x00000000f1380000,0x00000000f1380000)
  from space 118784K, 41% used [0x00000000f8100000,0x00000000fb17c8c8,0x00000000ff500000)
  to   space 112128K, 0% used [0x00000000f1380000,0x00000000f1380000,0x00000000f8100000)
 ParOldGen       total 514560K, used 144028K [0x0000000080000000, 0x000000009f680000, 0x00000000d5580000)
  object space 514560K, 27% used [0x0000000080000000,0x0000000088ca71c8,0x000000009f680000)
 Metaspace       used 127551K, capacity 137610K, committed 152472K, reserved 1181696K
  class space    used 15935K, capacity 17692K, committed 19880K, reserved 1048576K
Event: 9996.076 GC heap after
Heap after GC invocations=136 (full 15):
 PSYoungGen      total 568832K, used 98994K [0x00000000d5580000, 0x0000000100000000, 0x0000000100000000)
  eden space 456704K, 0% used [0x00000000d5580000,0x00000000d5580000,0x00000000f1380000)
  from space 112128K, 88% used [0x00000000f1380000,0x00000000f742c818,0x00000000f8100000)
  to   space 123904K, 0% used [0x00000000f8700000,0x00000000f8700000,0x0000000100000000)
 ParOldGen       total 514560K, used 182914K [0x0000000080000000, 0x000000009f680000, 0x00000000d5580000)
  object space 514560K, 35% used [0x0000000080000000,0x000000008b2a0b80,0x000000009f680000)
 Metaspace       used 127551K, capacity 137610K, committed 152472K, reserved 1181696K
  class space    used 15935K, capacity 17692K, committed 19880K, reserved 1048576K
}
Event: 10004.017 GC heap before
{Heap before GC invocations=137 (full 15):
 PSYoungGen      total 568832K, used 555698K [0x00000000d5580000, 0x0000000100000000, 0x0000000100000000)
  eden space 456704K, 100% used [0x00000000d5580000,0x00000000f1380000,0x00000000f1380000)
  from space 112128K, 88% used [0x00000000f1380000,0x00000000f742c818,0x00000000f8100000)
  to   space 123904K, 0% used [0x00000000f8700000,0x00000000f8700000,0x0000000100000000)
 ParOldGen       total 514560K, used 182914K [0x0000000080000000, 0x000000009f680000, 0x00000000d5580000)
  object space 514560K, 35% used [0x0000000080000000,0x000000008b2a0b80,0x000000009f680000)
 Metaspace       used 127558K, capacity 137610K, committed 152472K, reserved 1181696K
  class space    used 15935K, capacity 17692K, committed 19880K, reserved 1048576K
Event: 10004.561 GC heap after
Heap after GC invocations=137 (full 15):
 PSYoungGen      total 580608K, used 47932K [0x00000000d5580000, 0x0000000100000000, 0x0000000100000000)
  eden space 456704K, 0% used [0x00000000d5580000,0x00000000d5580000,0x00000000f1380000)
  from space 123904K, 38% used [0x00000000f8700000,0x00000000fb5cf248,0x0000000100000000)
  to   space 118272K, 0% used [0x00000000f1380000,0x00000000f1380000,0x00000000f8700000)
 ParOldGen       total 514560K, used 275229K [0x0000000080000000, 0x000000009f680000, 0x00000000d5580000)
  object space 514560K, 53% used [0x0000000080000000,0x0000000090cc7660,0x000000009f680000)
 Metaspace       used 127558K, capacity 137610K, committed 152472K, reserved 1181696K
  class space    used 15935K, capacity 17692K, committed 19880K, reserved 1048576K
}
Event: 10073.349 GC heap before
{Heap before GC invocations=138 (full 15):
 PSYoungGen      total 580608K, used 504636K [0x00000000d5580000, 0x0000000100000000, 0x0000000100000000)
  eden space 456704K, 100% used [0x00000000d5580000,0x00000000f1380000,0x00000000f1380000)
  from space 123904K, 38% used [0x00000000f8700000,0x00000000fb5cf248,0x0000000100000000)
  to   space 118272K, 0% used [0x00000000f1380000,0x00000000f1380000,0x00000000f8700000)
 ParOldGen       total 514560K, used 275229K [0x0000000080000000, 0x000000009f680000, 0x00000000d5580000)
  object space 514560K, 53% used [0x0000000080000000,0x0000000090cc7660,0x000000009f680000)
 Metaspace       used 127612K, capacity 137610K, committed 152472K, reserved 1181696K
  class space    used 15935K, capacity 17692K, committed 19880K, reserved 1048576K
Event: 10073.617 GC heap after
Heap after GC invocations=138 (full 15):
 PSYoungGen      total 574976K, used 19008K [0x00000000d5580000, 0x00000000ffa80000, 0x0000000100000000)
  eden space 456704K, 0% used [0x00000000d5580000,0x00000000d5580000,0x00000000f1380000)
  from space 118272K, 16% used [0x00000000f1380000,0x00000000f2610298,0x00000000f8700000)
  to   space 118272K, 0% used [0x00000000f8700000,0x00000000f8700000,0x00000000ffa80000)
 ParOldGen       total 514560K, used 304051K [0x0000000080000000, 0x000000009f680000, 0x00000000d5580000)
  object space 514560K, 59% used [0x0000000080000000,0x00000000928ece88,0x000000009f680000)
 Metaspace       used 127612K, capacity 137610K, committed 152472K, reserved 1181696K
  class space    used 15935K, capacity 17692K, committed 19880K, reserved 1048576K
}

